Flutter crash report; please file at https://github.com/flutter/flutter/issues.

## command

flutter run

## exception

TimeoutException: TimeoutException: Request to Dart VM Service timed out: _flutter.listViews({isolateId: isolates/932104898})

```
#0      VM.invokeRpcRaw (package:flutter_tools/src/vmservice.dart:841)
<asynchronous suspension>
#1      VM.invokeRpc (package:flutter_tools/src/vmservice.dart:858)
<asynchronous suspension>
#2      VM.refreshViews (package:flutter_tools/src/vmservice.dart:957)
<asynchronous suspension>
#3      FlutterDevice.refreshViews (package:flutter_tools/src/resident_runner.dart:88)
<asynchronous suspension>
#4      ResidentRunner.refreshViews (package:flutter_tools/src/resident_runner.dart:490)
<asynchronous suspension>
#5      HotRunner.attach (package:flutter_tools/src/run_hot.dart:166)
<asynchronous suspension>
#6      HotRunner.run (package:flutter_tools/src/run_hot.dart:246)
<asynchronous suspension>
#7      RunCommand.runCommand (package:flutter_tools/src/commands/run.dart:395)
<asynchronous suspension>
#8      FlutterCommand.verifyThenRunCommand (package:flutter_tools/src/runner/flutter_command.dart:344)
<asynchronous suspension>
#9      FlutterCommand.run.<anonymous closure> (package:flutter_tools/src/runner/flutter_command.dart:279)
<asynchronous suspension>
#10     AppContext.run.<anonymous closure> (package:flutter_tools/src/base/context.dart:142)
<asynchronous suspension>
#11     _rootRun (dart:async/zone.dart:1126)
#12     _CustomZone.run (dart:async/zone.dart:1023)
#13     _runZoned (dart:async/zone.dart:1518)
#14     runZoned (dart:async/zone.dart:1465)
#15     AppContext.run (package:flutter_tools/src/base/context.dart:141)
<asynchronous suspension>
#16     FlutterCommand.run (package:flutter_tools/src/runner/flutter_command.dart:270)
#17     CommandRunner.runCommand (package:args/command_runner.dart:194)
<asynchronous suspension>
#18     FlutterCommandRunner.runCommand.<anonymous closure> (package:flutter_tools/src/runner/flutter_command_runner.dart:314)
<asynchronous suspension>
#19     AppContext.run.<anonymous closure> (package:flutter_tools/src/base/context.dart:142)
<asynchronous suspension>
#20     _rootRun (dart:async/zone.dart:1126)
#21     _CustomZone.run (dart:async/zone.dart:1023)
#22     _runZoned (dart:async/zone.dart:1518)
#23     runZoned (dart:async/zone.dart:1465)
#24     AppContext.run (package:flutter_tools/src/base/context.dart:141)
<asynchronous suspension>
#25     FlutterCommandRunner.runCommand (package:flutter_tools/src/runner/flutter_command_runner.dart:270)
<asynchronous suspension>
#26     CommandRunner.run.<anonymous closure> (package:args/command_runner.dart:109)
#27     new Future.sync (dart:async/future.dart:222)
#28     CommandRunner.run (package:args/command_runner.dart:109)
#29     FlutterCommandRunner.run (package:flutter_tools/src/runner/flutter_command_runner.dart:179)
#30     run.<anonymous closure> (package:flutter_tools/runner.dart:59)
<asynchronous suspension>
#31     AppContext.run.<anonymous closure> (package:flutter_tools/src/base/context.dart:142)
<asynchronous suspension>
#32     _rootRun (dart:async/zone.dart:1126)
#33     _CustomZone.run (dart:async/zone.dart:1023)
#34     _runZoned (dart:async/zone.dart:1518)
#35     runZoned (dart:async/zone.dart:1465)
#36     AppContext.run (package:flutter_tools/src/base/context.dart:141)
<asynchronous suspension>
#37     runInContext (package:flutter_tools/src/context_runner.dart:43)
<asynchronous suspension>
#38     run (package:flutter_tools/runner.dart:50)
#39     main (package:flutter_tools/executable.dart:49)
<asynchronous suspension>
#40     main (file:///Users/mmadden/documents/flutter/packages/flutter_tools/bin/flutter_tools.dart:8)
#41     _startIsolate.<anonymous closure> (dart:isolate-patch/dart:isolate/isolate_patch.dart:277)
#42     _RawReceivePortImpl._handleMessage (dart:isolate-patch/dart:isolate/isolate_patch.dart:165)
```

## flutter doctor

```
[✓] Flutter (Channel master, v0.5.2-pre.72, on Mac OS X 10.13.4 17E202, locale en-US)
    • Flutter version 0.5.2-pre.72 at /Users/mmadden/documents/flutter
    • Framework revision 4bbd4ce981 (79 minutes ago), 2018-06-06 20:44:06 +0200
    • Engine revision a83b37d35a
    • Dart version 2.0.0-dev.60.0.flutter-a5e41681e5

[✓] Android toolchain - develop for Android devices (Android SDK 27.0.3)
    • Android SDK at /Users/mmadden/Library/Android/sdk
    • Android NDK location not configured (optional; useful for native profiling support)
    • Platform android-27, build-tools 27.0.3
    • Java binary at: /Applications/Android Studio.app/Contents/jre/jdk/Contents/Home/bin/java
    • Java version OpenJDK Runtime Environment (build 1.8.0_152-release-1024-b01)
    • All Android licenses accepted.

[!] iOS toolchain - develop for iOS devices (Xcode 9.4)
    • Xcode at /Applications/Xcode.app/Contents/Developer
    • Xcode 9.4, Build version 9F1027a
    • ios-deploy 1.9.2
    ! CocoaPods out of date (1.5.0 is recommended).
        CocoaPods is used to retrieve the iOS platform side's plugin code that responds to your plugin usage on the Dart side.
        Without resolving iOS dependencies with CocoaPods, plugins will not work on iOS.
        For more info, see https://flutter.io/platform-plugins
      To upgrade:
        brew upgrade cocoapods
        pod setup

[✓] Android Studio (version 3.1)
    • Android Studio at /Applications/Android Studio.app/Contents
    ✗ Flutter plugin not installed; this adds Flutter specific functionality.
    ✗ Dart plugin not installed; this adds Dart specific functionality.
    • Java version OpenJDK Runtime Environment (build 1.8.0_152-release-1024-b01)

[!] IntelliJ IDEA Ultimate Edition (version 2018.1)
    • IntelliJ at /Applications/IntelliJ IDEA.app
    ✗ Flutter plugin not installed; this adds Flutter specific functionality.
    ✗ Dart plugin not installed; this adds Dart specific functionality.
    • For information about installing plugins, see
      https://flutter.io/intellij-setup/#installing-the-plugins

[✓] VS Code (version 1.23.1)
    • VS Code at /Applications/Visual Studio Code.app/Contents
    • Flutter extension version 2.13.2

[✓] Connected devices (1 available)
    • iPhone X • 724C6466-E113-4594-9E28-4A865AF0AF84 • ios • iOS 11.4 (simulator)

! Doctor found issues in 2 categories.
```
